<?xml version="1.0" encoding="UTF-8"?>
<testsuite name="ee.aktors.demo.AktorsDemoApplicationTests" tests="1" skipped="0" failures="0" errors="0" timestamp="2016-08-28T15:58:58" hostname="ordi" time="0.054">
  <properties/>
  <testcase name="contextLoads" classname="ee.aktors.demo.AktorsDemoApplicationTests" time="0.054"/>
  <system-out><![CDATA[18:58:53.615 [Test worker] DEBUG org.springframework.test.context.junit4.SpringJUnit4ClassRunner - SpringJUnit4ClassRunner constructor called with [class ee.aktors.demo.AktorsDemoApplicationTests]
18:58:53.639 [Test worker] DEBUG org.springframework.test.context.BootstrapUtils - Instantiating CacheAwareContextLoaderDelegate from class [org.springframework.test.context.cache.DefaultCacheAwareContextLoaderDelegate]
18:58:53.660 [Test worker] DEBUG org.springframework.test.context.BootstrapUtils - Instantiating BootstrapContext using constructor [public org.springframework.test.context.support.DefaultBootstrapContext(java.lang.Class,org.springframework.test.context.CacheAwareContextLoaderDelegate)]
18:58:53.682 [Test worker] DEBUG org.springframework.test.context.BootstrapUtils - Instantiating TestContextBootstrapper for test class [ee.aktors.demo.AktorsDemoApplicationTests] from class [org.springframework.boot.test.context.SpringBootTestContextBootstrapper]
18:58:53.730 [Test worker] INFO org.springframework.boot.test.context.SpringBootTestContextBootstrapper - Neither @ContextConfiguration nor @ContextHierarchy found for test class [ee.aktors.demo.AktorsDemoApplicationTests], using SpringBootContextLoader
18:58:53.734 [Test worker] DEBUG org.springframework.test.context.support.AbstractContextLoader - Did not detect default resource location for test class [ee.aktors.demo.AktorsDemoApplicationTests]: class path resource [ee/aktors/demo/AktorsDemoApplicationTests-context.xml] does not exist
18:58:53.735 [Test worker] DEBUG org.springframework.test.context.support.AbstractContextLoader - Did not detect default resource location for test class [ee.aktors.demo.AktorsDemoApplicationTests]: class path resource [ee/aktors/demo/AktorsDemoApplicationTestsContext.groovy] does not exist
18:58:53.735 [Test worker] INFO org.springframework.test.context.support.AbstractContextLoader - Could not detect default resource locations for test class [ee.aktors.demo.AktorsDemoApplicationTests]: no resource found for suffixes {-context.xml, Context.groovy}.
18:58:53.736 [Test worker] INFO org.springframework.test.context.support.AnnotationConfigContextLoaderUtils - Could not detect default configuration classes for test class [ee.aktors.demo.AktorsDemoApplicationTests]: AktorsDemoApplicationTests does not declare any static, non-private, non-final, nested classes annotated with @Configuration.
18:58:53.833 [Test worker] DEBUG org.springframework.test.context.support.ActiveProfilesUtils - Could not find an 'annotation declaring class' for annotation type [org.springframework.test.context.ActiveProfiles] and class [ee.aktors.demo.AktorsDemoApplicationTests]
18:58:53.897 [Test worker] DEBUG org.springframework.core.env.StandardEnvironment - Adding [systemProperties] PropertySource with lowest search precedence
18:58:53.898 [Test worker] DEBUG org.springframework.core.env.StandardEnvironment - Adding [systemEnvironment] PropertySource with lowest search precedence
18:58:53.898 [Test worker] DEBUG org.springframework.core.env.StandardEnvironment - Initialized StandardEnvironment with PropertySources [systemProperties,systemEnvironment]
18:58:53.910 [Test worker] DEBUG org.springframework.core.io.support.PathMatchingResourcePatternResolver - Resolved classpath location [ee/aktors/demo/] to resources [URL [file:/home/antos/Documents/code/IdeaProjects/AktorsDemo/build/classes/test/ee/aktors/demo/], URL [file:/home/antos/Documents/code/IdeaProjects/AktorsDemo/build/classes/main/ee/aktors/demo/]]
18:58:53.911 [Test worker] DEBUG org.springframework.core.io.support.PathMatchingResourcePatternResolver - Looking for matching resources in directory tree [/home/antos/Documents/code/IdeaProjects/AktorsDemo/build/classes/test/ee/aktors/demo]
18:58:53.911 [Test worker] DEBUG org.springframework.core.io.support.PathMatchingResourcePatternResolver - Searching directory [/home/antos/Documents/code/IdeaProjects/AktorsDemo/build/classes/test/ee/aktors/demo] for files matching pattern [/home/antos/Documents/code/IdeaProjects/AktorsDemo/build/classes/test/ee/aktors/demo/*.class]
18:58:53.915 [Test worker] DEBUG org.springframework.core.io.support.PathMatchingResourcePatternResolver - Looking for matching resources in directory tree [/home/antos/Documents/code/IdeaProjects/AktorsDemo/build/classes/main/ee/aktors/demo]
18:58:53.915 [Test worker] DEBUG org.springframework.core.io.support.PathMatchingResourcePatternResolver - Searching directory [/home/antos/Documents/code/IdeaProjects/AktorsDemo/build/classes/main/ee/aktors/demo] for files matching pattern [/home/antos/Documents/code/IdeaProjects/AktorsDemo/build/classes/main/ee/aktors/demo/*.class]
18:58:53.917 [Test worker] DEBUG org.springframework.core.io.support.PathMatchingResourcePatternResolver - Resolved location pattern [classpath*:ee/aktors/demo/*.class] to resources [file [/home/antos/Documents/code/IdeaProjects/AktorsDemo/build/classes/test/ee/aktors/demo/AktorsDemoApplicationTests.class], file [/home/antos/Documents/code/IdeaProjects/AktorsDemo/build/classes/main/ee/aktors/demo/AktorsDemoApplication.class]]
18:58:53.965 [Test worker] DEBUG org.springframework.context.annotation.ClassPathScanningCandidateComponentProvider - Identified candidate component class: file [/home/antos/Documents/code/IdeaProjects/AktorsDemo/build/classes/main/ee/aktors/demo/AktorsDemoApplication.class]
18:58:53.966 [Test worker] INFO org.springframework.boot.test.context.SpringBootTestContextBootstrapper - Found @SpringBootConfiguration ee.aktors.demo.AktorsDemoApplication for test class ee.aktors.demo.AktorsDemoApplicationTests
18:58:53.972 [Test worker] DEBUG org.springframework.boot.test.context.SpringBootTestContextBootstrapper - @TestExecutionListeners is not present for class [ee.aktors.demo.AktorsDemoApplicationTests]: using defaults.
18:58:53.976 [Test worker] INFO org.springframework.boot.test.context.SpringBootTestContextBootstrapper - Loaded default TestExecutionListener class names from location [META-INF/spring.factories]: [org.springframework.boot.test.mock.mockito.MockitoTestExecutionListener, org.springframework.boot.test.mock.mockito.ResetMocksTestExecutionListener, org.springframework.boot.test.autoconfigure.AutoConfigureReportTestExecutionListener, org.springframework.boot.test.autoconfigure.restdocs.RestDocsTestExecutionListener, org.springframework.boot.test.autoconfigure.web.client.MockRestServiceServerResetTestExecutionListener, org.springframework.test.context.web.ServletTestExecutionListener, org.springframework.test.context.support.DirtiesContextBeforeModesTestExecutionListener, org.springframework.test.context.support.DependencyInjectionTestExecutionListener, org.springframework.test.context.support.DirtiesContextTestExecutionListener, org.springframework.test.context.transaction.TransactionalTestExecutionListener, org.springframework.test.context.jdbc.SqlScriptsTestExecutionListener]
18:58:53.991 [Test worker] INFO org.springframework.boot.test.context.SpringBootTestContextBootstrapper - Using TestExecutionListeners: [org.springframework.test.context.web.ServletTestExecutionListener@1bf19253, org.springframework.test.context.support.DirtiesContextBeforeModesTestExecutionListener@4c181b70, org.springframework.boot.test.autoconfigure.AutoConfigureReportTestExecutionListener@1753850c, org.springframework.test.context.support.DependencyInjectionTestExecutionListener@66bc0cd4, org.springframework.test.context.support.DirtiesContextTestExecutionListener@7148695a, org.springframework.test.context.transaction.TransactionalTestExecutionListener@7d072f98, org.springframework.test.context.jdbc.SqlScriptsTestExecutionListener@7677bed1, org.springframework.boot.test.mock.mockito.ResetMocksTestExecutionListener@702bc667, org.springframework.boot.test.autoconfigure.restdocs.RestDocsTestExecutionListener@429b6381, org.springframework.boot.test.mock.mockito.MockitoTestExecutionListener@6a4ffa5, org.springframework.boot.test.autoconfigure.web.client.MockRestServiceServerResetTestExecutionListener@4dee4896]
18:58:53.994 [Test worker] DEBUG org.springframework.test.annotation.ProfileValueUtils - Retrieved @ProfileValueSourceConfiguration [null] for test class [ee.aktors.demo.AktorsDemoApplicationTests]
18:58:53.995 [Test worker] DEBUG org.springframework.test.annotation.ProfileValueUtils - Retrieved ProfileValueSource type [class org.springframework.test.annotation.SystemProfileValueSource] for class [ee.aktors.demo.AktorsDemoApplicationTests]
18:58:53.995 [Test worker] DEBUG org.springframework.test.annotation.ProfileValueUtils - Retrieved @ProfileValueSourceConfiguration [null] for test class [ee.aktors.demo.AktorsDemoApplicationTests]
18:58:53.996 [Test worker] DEBUG org.springframework.test.annotation.ProfileValueUtils - Retrieved ProfileValueSource type [class org.springframework.test.annotation.SystemProfileValueSource] for class [ee.aktors.demo.AktorsDemoApplicationTests]
18:58:54.001 [Test worker] DEBUG org.springframework.test.context.support.AbstractDirtiesContextTestExecutionListener - Before test class: context [DefaultTestContext@4d727b4e testClass = AktorsDemoApplicationTests, testInstance = [null], testMethod = [null], testException = [null], mergedContextConfiguration = [WebMergedContextConfiguration@671dd7a2 testClass = AktorsDemoApplicationTests, locations = '{}', classes = '{class ee.aktors.demo.AktorsDemoApplication}', contextInitializerClasses = '[]', activeProfiles = '{}', propertySourceLocations = '{}', propertySourceProperties = '{org.springframework.boot.test.context.SpringBootTestContextBootstrapper=true}', contextCustomizers = set[org.springframework.boot.test.context.SpringBootTestContextCustomizer@7b07dfd4, org.springframework.boot.test.context.filter.ExcludeFilterContextCustomizer@7bd708b5, org.springframework.boot.test.mock.mockito.MockitoContextCustomizer@0, org.springframework.boot.test.autoconfigure.properties.PropertyMappingContextCustomizer@0], resourceBasePath = 'src/main/webapp', contextLoader = 'org.springframework.boot.test.context.SpringBootContextLoader', parent = [null]]], class annotated with @DirtiesContext [false] with mode [null].
18:58:54.002 [Test worker] DEBUG org.springframework.test.annotation.ProfileValueUtils - Retrieved @ProfileValueSourceConfiguration [null] for test class [ee.aktors.demo.AktorsDemoApplicationTests]
18:58:54.002 [Test worker] DEBUG org.springframework.test.annotation.ProfileValueUtils - Retrieved ProfileValueSource type [class org.springframework.test.annotation.SystemProfileValueSource] for class [ee.aktors.demo.AktorsDemoApplicationTests]
18:58:54.030 [Test worker] DEBUG org.springframework.core.env.StandardEnvironment - Adding [systemProperties] PropertySource with lowest search precedence
18:58:54.031 [Test worker] DEBUG org.springframework.core.env.StandardEnvironment - Adding [systemEnvironment] PropertySource with lowest search precedence
18:58:54.031 [Test worker] DEBUG org.springframework.core.env.StandardEnvironment - Initialized StandardEnvironment with PropertySources [systemProperties,systemEnvironment]
18:58:54.032 [Test worker] DEBUG org.springframework.test.context.support.TestPropertySourceUtils - Adding inlined properties to environment: {spring.jmx.enabled=false, org.springframework.boot.test.context.SpringBootTestContextBootstrapper=true, server.port=-1}
18:58:54.032 [Test worker] DEBUG org.springframework.core.env.StandardEnvironment - Adding [Inlined Test Properties] PropertySource with highest search precedence

  .   ____          _            __ _ _
 /\\ / ___'_ __ _ _(_)_ __  __ _ \ \ \ \
( ( )\___ | '_ | '_| | '_ \/ _` | \ \ \ \
 \\/  ___)| |_)| | | | | || (_| |  ) ) ) )
  '  |____| .__|_| |_|_| |_\__, | / / / /
 =========|_|==============|___/=/_/_/_/
 :: Spring Boot ::        (v1.4.0.RELEASE)

2016-08-28 18:58:54.588  INFO 24814 --- [    Test worker] e.a.demo.AktorsDemoApplicationTests      : Starting AktorsDemoApplicationTests on ordi with PID 24814 (started by antos in /home/antos/Documents/code/IdeaProjects/AktorsDemo)
2016-08-28 18:58:54.590  INFO 24814 --- [    Test worker] e.a.demo.AktorsDemoApplicationTests      : No active profile set, falling back to default profiles: default
2016-08-28 18:58:56.279  INFO 24814 --- [    Test worker] trationDelegate$BeanPostProcessorChecker : Bean 'org.springframework.ws.config.annotation.DelegatingWsConfiguration' of type [class org.springframework.ws.config.annotation.DelegatingWsConfiguration$$EnhancerBySpringCGLIB$$f43e1e22] is not eligible for getting processed by all BeanPostProcessors (for example: not eligible for auto-proxying)
2016-08-28 18:58:56.397  INFO 24814 --- [    Test worker] .w.s.a.s.AnnotationActionEndpointMapping : Supporting [WS-Addressing August 2004, WS-Addressing 1.0]
2016-08-28 18:58:56.412  INFO 24814 --- [    Test worker] trationDelegate$BeanPostProcessorChecker : Bean 'org.springframework.transaction.annotation.ProxyTransactionManagementConfiguration' of type [class org.springframework.transaction.annotation.ProxyTransactionManagementConfiguration$$EnhancerBySpringCGLIB$$4fa65923] is not eligible for getting processed by all BeanPostProcessors (for example: not eligible for auto-proxying)
2016-08-28 18:58:58.691  INFO 24814 --- [    Test worker] e.a.demo.AktorsDemoApplicationTests      : Started AktorsDemoApplicationTests in 4.627 seconds (JVM running for 5.943)
]]></system-out>
  <system-err><![CDATA[]]></system-err>
</testsuite>
